2025-04-10 16:49:31,828 - INFO - 开始采集
2025-04-10 16:49:33,441 - INFO - Cookies 设置成功
2025-04-10 16:49:33,507 - INFO - 初始化浏览器完成
2025-04-10 16:49:42,006 - INFO - 页面加载完成
2025-04-10 16:49:42,074 - INFO - 图片 1,尺寸最大4x 的链接: https://i.pinimg.com/originals/35/32/d5/3532d557ae1d8c62cbbb1350e9a57a22.jpg
2025-04-10 16:49:42,594 - INFO - 图片下载成功
2025-04-10 16:49:42,623 - INFO - 图片 2,尺寸最大4x 的链接: https://i.pinimg.com/originals/38/35/a6/3835a655e74b438a05315792c73ab8df.png
2025-04-10 16:49:43,158 - INFO - 图片下载成功
2025-04-10 16:49:43,185 - INFO - 图片 3,尺寸最大4x 的链接: https://i.pinimg.com/originals/a3/c3/e5/a3c3e5ffc7261915553ae49bffee808c.jpg
2025-04-10 16:49:43,731 - INFO - 图片下载成功
2025-04-10 16:49:43,767 - INFO - 图片 4,尺寸最大4x 的链接: https://i.pinimg.com/originals/6d/c3/f0/6dc3f0d9dc3288118fcb627eeb82997f.jpg
2025-04-10 16:49:44,257 - INFO - 图片下载成功
2025-04-10 16:49:44,280 - INFO - 图片 5,尺寸最大4x 的链接: https://i.pinimg.com/originals/a5/77/50/a5775061b245314253d30e442e9fa511.png
2025-04-10 16:49:46,424 - INFO - 图片下载成功
2025-04-10 16:49:46,449 - INFO - 图片 6,尺寸最大4x 的链接: https://i.pinimg.com/originals/6d/40/43/6d4043fefcc2d510fcbf46695eee0250.jpg
2025-04-10 16:49:46,916 - INFO - 图片下载成功
2025-04-10 16:49:46,940 - INFO - 图片 7,尺寸最大4x 的链接: https://i.pinimg.com/originals/67/b5/3a/67b53a8303849eac12cbac36c3723436.webp
2025-04-10 16:49:47,430 - INFO - 图片下载成功
2025-04-10 16:49:47,456 - INFO - 图片 8,尺寸最大4x 的链接: https://i.pinimg.com/originals/30/e4/f8/30e4f8241e788655dfe9c4097b703ee3.jpg
2025-04-10 16:49:47,912 - INFO - 图片下载成功
2025-04-10 16:49:47,938 - INFO - 图片 9,尺寸最大4x 的链接: https://i.pinimg.com/originals/1c/97/48/1c9748998e8d7e277a578655706a5b46.jpg
2025-04-10 16:49:48,411 - INFO - 图片下载成功
2025-04-10 16:49:48,437 - INFO - 图片 10,尺寸最大4x 的链接: https://i.pinimg.com/originals/4c/b3/e5/4cb3e58a6d66167aea5d41c288f9a6e7.jpg
2025-04-10 16:49:48,890 - INFO - 图片下载成功
2025-04-10 16:49:48,920 - INFO - 图片 11,尺寸最大4x 的链接: https://i.pinimg.com/originals/a0/70/2e/a0702e6f7874e8b643edab46143d8b5b.png
2025-04-10 16:49:49,437 - INFO - 图片下载成功
2025-04-10 16:49:49,465 - INFO - 图片 12,尺寸最大4x 的链接: https://i.pinimg.com/originals/92/3d/6c/923d6c5ecc70af0b0466cef4efee727d.jpg
2025-04-10 16:49:49,896 - INFO - 图片下载成功
2025-04-10 16:49:49,921 - INFO - 图片 13,尺寸最大4x 的链接: https://i.pinimg.com/originals/dd/97/2c/dd972cab0bacfe4c25302b0a2e0f74c9.jpg
2025-04-10 16:49:50,414 - INFO - 图片下载成功
2025-04-10 16:49:50,433 - INFO - 图片 14,尺寸最大4x 的链接: https://i.pinimg.com/originals/40/cf/16/40cf16b6bb7479124bd3e0378dc4e331.jpg
2025-04-10 16:49:50,882 - INFO - 图片下载成功
2025-04-10 16:49:50,905 - INFO - 图片 15,尺寸最大4x 的链接: https://i.pinimg.com/originals/b7/54/d3/b754d3445a4aea6d7540c2425731335b.jpg
2025-04-10 16:49:51,375 - INFO - 图片下载成功
2025-04-10 16:50:01,424 - INFO - 图片 1,尺寸最大4x 的链接: https://i.pinimg.com/originals/06/8b/21/068b2165ad232603616802213b385c71.jpg
2025-04-10 16:50:01,886 - INFO - 图片下载成功
2025-04-10 16:50:01,911 - INFO - 图片 2,尺寸最大4x 的链接: https://i.pinimg.com/originals/72/45/e8/7245e8340c7a57a18d86a29db5df815e.jpg
2025-04-10 16:50:02,563 - INFO - 图片下载成功
2025-04-10 16:50:02,590 - INFO - 图片 3,尺寸最大4x 的链接: https://i.pinimg.com/originals/88/85/be/8885bee611812fad5481cdf845350824.jpg
2025-04-10 16:50:03,162 - INFO - 图片下载成功
2025-04-10 16:50:03,185 - INFO - 图片 4,尺寸最大4x 的链接: https://i.pinimg.com/originals/15/ae/92/15ae923b5fee0cf1370aaa20ef79a62a.jpg
2025-04-10 16:50:03,691 - INFO - 图片下载成功
2025-04-10 16:50:03,715 - INFO - 图片 5,尺寸最大4x 的链接: https://i.pinimg.com/originals/9e/9f/1f/9e9f1f7c45309c6e3a4c45ce39552c91.jpg
2025-04-10 16:50:04,199 - INFO - 图片下载成功
2025-04-10 16:50:04,222 - INFO - 图片 6,尺寸最大4x 的链接: https://i.pinimg.com/originals/29/30/22/293022098e1a891fde54911ec9b6ee4c.jpg
2025-04-10 16:50:04,686 - INFO - 图片下载成功
2025-04-10 16:50:14,736 - INFO - 图片 1,尺寸最大4x 的链接: https://i.pinimg.com/originals/53/8f/2f/538f2fc97e141b8ebc37e7e4c388b4f1.jpg
2025-04-10 16:50:15,330 - INFO - 图片下载成功
2025-04-10 16:50:15,359 - INFO - 图片 2,尺寸最大4x 的链接: https://i.pinimg.com/originals/e0/9f/c5/e09fc59fdca9595706a3b85397d6e90a.jpg
2025-04-10 16:50:15,791 - INFO - 图片下载成功
2025-04-10 16:50:15,820 - INFO - 图片 3,尺寸最大4x 的链接: https://i.pinimg.com/originals/05/81/b0/0581b0ed4cf63c923bdfc5d131a8ca3c.jpg
2025-04-10 16:50:16,268 - INFO - 图片下载成功
2025-04-10 16:50:16,290 - INFO - 图片 4,尺寸最大4x 的链接: https://i.pinimg.com/originals/3b/d6/1a/3bd61aebfdc217be3b9b0e3b73def9ed.jpg
2025-04-10 16:50:16,761 - INFO - 图片下载成功
2025-04-10 16:50:16,785 - INFO - 图片 5,尺寸最大4x 的链接: https://i.pinimg.com/originals/02/01/9c/02019c6e06199283dd56243ccaf7c073.jpg
2025-04-10 16:50:17,249 - INFO - 图片下载成功
2025-04-10 16:50:27,302 - INFO - 图片 1,尺寸最大4x 的链接: https://i.pinimg.com/originals/2b/3b/c2/2b3bc2497818802d174e9511101944b3.jpg
2025-04-10 16:50:27,768 - INFO - 图片下载成功
2025-04-10 16:50:27,792 - INFO - 图片 2,尺寸最大4x 的链接: https://i.pinimg.com/originals/91/03/1c/91031cb11b30e81d5792d50345e00df1.jpg
2025-04-10 16:50:28,273 - INFO - 图片下载成功
2025-04-10 16:50:28,297 - INFO - 图片 3,尺寸最大4x 的链接: https://i.pinimg.com/originals/48/2f/c3/482fc302da5903945758748cd7553023.jpg
2025-04-10 16:50:28,760 - INFO - 图片下载成功
2025-04-10 16:50:28,784 - INFO - 图片 4,尺寸最大4x 的链接: https://i.pinimg.com/originals/c1/d3/3c/c1d33ce5f40e251f0b7d2501e9e2ccee.jpg
2025-04-10 16:50:29,240 - INFO - 图片下载成功
2025-04-10 16:50:29,269 - INFO - 图片 5,尺寸最大4x 的链接: https://i.pinimg.com/originals/5a/42/b1/5a42b1a07aaf1fbc07aab6d00152750f.jpg
2025-04-10 16:50:29,814 - INFO - 图片下载成功
2025-04-10 16:50:29,838 - INFO - 图片 6,尺寸最大4x 的链接: https://i.pinimg.com/originals/e5/51/87/e551872cb1c542552e49aa8498adba1b.jpg
2025-04-10 16:50:30,317 - INFO - 图片下载成功
2025-04-10 16:50:30,339 - INFO - 图片 7,尺寸最大4x 的链接: https://i.pinimg.com/originals/f6/19/82/f619820a4b6ef593856f931dd0de0ab6.jpg
2025-04-10 16:50:30,799 - INFO - 图片下载成功
2025-04-10 16:50:40,825 - INFO - 图片 1,尺寸最大4x 的链接: https://i.pinimg.com/originals/65/61/b3/6561b3a9d25bf67f8918cb9a6043fc09.jpg
2025-04-10 16:50:41,312 - INFO - 图片下载成功
2025-04-10 16:50:41,334 - INFO - 图片 2,尺寸最大4x 的链接: https://i.pinimg.com/originals/5d/d3/e7/5dd3e76652fc00dc285bad8d133e60ae.jpg
2025-04-10 16:50:41,861 - INFO - 图片下载成功
2025-04-10 16:50:41,885 - INFO - 图片 3,尺寸最大4x 的链接: https://i.pinimg.com/originals/33/5d/bb/335dbbd5119c0298a064715676e82c16.jpg
2025-04-10 16:50:42,303 - INFO - 图片下载成功
2025-04-10 16:50:42,324 - INFO - 图片 4,尺寸最大4x 的链接: https://i.pinimg.com/originals/8d/05/87/8d058794aaeb4b5add2674ca703843cd.jpg
2025-04-10 16:50:43,205 - INFO - 图片下载成功
2025-04-10 16:50:43,234 - INFO - 图片 5,尺寸最大4x 的链接: https://i.pinimg.com/originals/86/9e/72/869e72444dca4dc2e97474f19fc07abf.jpg
2025-04-10 16:50:43,715 - INFO - 图片下载成功
2025-04-10 16:50:43,738 - INFO - 图片 6,尺寸最大4x 的链接: https://i.pinimg.com/originals/ef/6d/02/ef6d028f927a2500a80bcd29ccdf7217.jpg
2025-04-10 16:50:44,212 - INFO - 图片下载成功
2025-04-10 16:50:44,241 - INFO - 图片 7,尺寸最大4x 的链接: https://i.pinimg.com/originals/b3/0a/48/b30a48f55b312e849ee904ef65f6e222.jpg
2025-04-10 16:50:44,696 - INFO - 图片下载成功
2025-04-10 16:50:54,745 - INFO - 图片 1,尺寸最大4x 的链接: https://i.pinimg.com/originals/35/24/19/3524197447f70959d8199ce59a27d137.jpg
2025-04-10 16:50:55,182 - INFO - 图片下载成功
2025-04-10 16:50:55,204 - INFO - 图片 2,尺寸最大4x 的链接: https://i.pinimg.com/originals/d7/8d/9f/d78d9fbef58b4633da545eff1be8df64.jpg
2025-04-10 16:50:55,671 - INFO - 图片下载成功
2025-04-10 16:50:55,697 - INFO - 图片 3,尺寸最大4x 的链接: https://i.pinimg.com/originals/b7/88/a8/b788a8a4ea9e62b86b2bbf6937350db3.jpg
2025-04-10 16:50:56,175 - INFO - 图片下载成功
2025-04-10 16:50:56,200 - INFO - 图片 4,尺寸最大4x 的链接: https://i.pinimg.com/originals/71/e9/e0/71e9e03afe95491a845fe8a3c1fa6732.jpg
2025-04-10 16:50:56,651 - INFO - 图片下载成功
2025-04-10 16:50:56,676 - INFO - 图片 5,尺寸最大4x 的链接: https://i.pinimg.com/originals/53/99/3d/53993d48b58884f32301919967f6fd46.jpg
2025-04-10 16:50:57,146 - INFO - 图片下载成功
2025-04-10 16:50:57,167 - INFO - 图片 6,尺寸最大4x 的链接: https://i.pinimg.com/originals/34/14/4a/34144af9351fdf78a02310355c107366.jpg
2025-04-10 16:50:57,647 - INFO - 图片下载成功
2025-04-10 16:50:57,671 - INFO - 图片 7,尺寸最大4x 的链接: https://i.pinimg.com/originals/1c/5b/ab/1c5baba4c27b2057feacd5ee6a296b18.png
2025-04-10 16:50:58,670 - INFO - 图片下载成功
2025-04-10 16:50:58,690 - INFO - 图片 8,尺寸最大4x 的链接: https://i.pinimg.com/originals/bd/bc/06/bdbc068f7743b36321610f65420a0f7a.jpg
2025-04-10 16:50:59,334 - INFO - 图片下载成功
2025-04-10 16:50:59,529 - INFO - 浏览器和Playwright资源已关闭
2025-04-10 16:50:59,530 - INFO - Found 47 images in D:\Code\Downloader\Pinterest\TaskList\2025年04月10日16时49分31秒
